0 info it worked if it ends with ok
1 verbose cli [ 'C:\\Program Files\\nodejs\\node.exe',
1 verbose cli   'C:\\Users\\Stefan Popov\\AppData\\Roaming\\npm\\node_modules\\npm\\bin\\npm-cli.js',
1 verbose cli   'run',
1 verbose cli   'ionic:serve',
1 verbose cli   '--',
1 verbose cli   '--v2',
1 verbose cli   'undefined',
1 verbose cli   '--address',
1 verbose cli   '0.0.0.0',
1 verbose cli   '--port',
1 verbose cli   '8100',
1 verbose cli   '--livereload-port',
1 verbose cli   '35729' ]
2 info using npm@4.0.5
3 info using node@v4.6.0
4 verbose run-script [ 'preionic:serve', 'ionic:serve', 'postionic:serve' ]
5 info lifecycle myApp@0.0.1~preionic:serve: myApp@0.0.1
6 silly lifecycle myApp@0.0.1~preionic:serve: no script for preionic:serve, continuing
7 info lifecycle myApp@0.0.1~ionic:serve: myApp@0.0.1
8 verbose lifecycle myApp@0.0.1~ionic:serve: unsafe-perm in lifecycle true
9 verbose lifecycle myApp@0.0.1~ionic:serve: PATH: C:\Users\Stefan Popov\AppData\Roaming\npm\node_modules\npm\bin\node-gyp-bin;C:\Users\Stefan Popov\Documents\CSE4351\behbes\webApp\public\myApp\node_modules\.bin;C:\Perl64\site\bin;C:\Perl64\bin;C:\MinGW\bin;C:\ProgramData\Oracle\Java\javapath;C:\Program Files (x86)\Intel\iCLS Client\;C:\Program Files\Intel\iCLS Client\;C:\WINDOWS\system32;C:\WINDOWS;C:\WINDOWS\System32\Wbem;C:\WINDOWS\System32\WindowsPowerShell\v1.0\;C:\Program Files (x86)\Intel\Intel(R) Management Engine Components\DAL;C:\Program Files\Intel\Intel(R) Management Engine Components\DAL;C:\Program Files (x86)\Intel\Intel(R) Management Engine Components\IPT;C:\Program Files\Intel\Intel(R) Management Engine Components\IPT;c:\Program Files\Intel\IntelSGXPSW\bin\x64\Release\;c:\Program Files\Intel\IntelSGXPSW\bin\win32\Release\;C:\Program Files (x86)\Skype\Phone\;C:\Program Files (x86)\Windows Live\Shared;C:\Users\Stefan Popov\.dnx\bin;C:\Program Files\Microsoft DNX\Dnvm\;C:\Program Files\Microsoft SQL Server\130\Tools\Binn\;C:\Program Files (x86)\Windows Kits\10\Windows Performance Toolkit\;C:\Program Files\Microsoft SQL Server\Client SDK\ODBC\110\Tools\Binn\;C:\Program Files (x86)\Microsoft SQL Server\120\Tools\Binn\ManagementStudio\;C:\Program Files (x86)\Microsoft SQL Server\120\Tools\Binn\;C:\Program Files\Microsoft SQL Server\120\Tools\Binn\;C:\Program Files (x86)\Microsoft SQL Server\120\DTS\Binn\;C:\Python27;C:\Python27\Scripts;C:\Program Files\nodejs\;C:\ProgramData\Anaconda3;C:\ProgramData\Anaconda3\Scripts;C:\ProgramData\Anaconda3\Library\bin;C:\Program Files\CMake\bin;C:\Program Files\Intel\WiFi\bin\;C:\Program Files\Common Files\Intel\WirelessCommon\;C:\Program Files\Git\cmd;C:\Program Files\Git\mingw64\bin;C:\Program Files\Git\usr\bin;C:\Program Files\MiKTeX 2.9\miktex\bin\x64\;C:\HashiCorp\Vagrant\bin;C:\Program Files\PuTTY\;C:\Ruby22\bin;C:\Program Files\Ruby22\bin;C:\Users\Stefan Popov\AppData\Local\Microsoft\WindowsApps;C:\Program Files (x86)\GnuWin32\bin;C:\Users\Stefan Popov\AppData\Roaming\npm;C:\Program Files (x86)\Microsoft VS Code\bin;C:\Program Files (x86)\Dr. Memory\bin\;C:\Python27\;C:\Program Files\Java\jdk1.8.0_121\bin;C:\Users\Stefan Popov\AppData\Local\Programs\Python\Python36-32;C:\Users\Stefan Popov\AppData\Local\Programs\Python\Python36-32\Scripts;C:\Users\Stefan Popov\Downloads\opencv\build\x64\vc14\bin;C:\Users\Stefan Popov\Downloads\opencv\build\x64\vc14\bin;C:\Users\Stefan Popov\Documents\CSE7319\Project\django\backend\env\Lib\site-packages\selenium\webdriver\phantomjs;C:\Qt\5.8\mingw53_32\bin;C:\Program Files (x86)\Graphviz2.38\bin;C:\texlive\2017\bin\win32;C:\php;C:\Users\"Stefan Popov"
10 verbose lifecycle myApp@0.0.1~ionic:serve: CWD: C:\Users\Stefan Popov\Documents\CSE4351\behbes\webApp\public\myApp
11 silly lifecycle myApp@0.0.1~ionic:serve: Args: [ '/d /s /c',
11 silly lifecycle   'ionic-app-scripts serve "--v2" "undefined" "--address" "0.0.0.0" "--port" "8100" "--livereload-port" "35729"' ]
12 silly lifecycle myApp@0.0.1~ionic:serve: Returned: code: 1  signal: null
13 info lifecycle myApp@0.0.1~ionic:serve: Failed to exec ionic:serve script
14 verbose stack Error: myApp@0.0.1 ionic:serve: `ionic-app-scripts serve "--v2" "undefined" "--address" "0.0.0.0" "--port" "8100" "--livereload-port" "35729"`
14 verbose stack Exit status 1
14 verbose stack     at EventEmitter.<anonymous> (C:\Users\Stefan Popov\AppData\Roaming\npm\node_modules\npm\lib\utils\lifecycle.js:279:16)
14 verbose stack     at emitTwo (events.js:87:13)
14 verbose stack     at EventEmitter.emit (events.js:172:7)
14 verbose stack     at ChildProcess.<anonymous> (C:\Users\Stefan Popov\AppData\Roaming\npm\node_modules\npm\lib\utils\spawn.js:40:14)
14 verbose stack     at emitTwo (events.js:87:13)
14 verbose stack     at ChildProcess.emit (events.js:172:7)
14 verbose stack     at maybeClose (internal/child_process.js:829:16)
14 verbose stack     at Process.ChildProcess._handle.onexit (internal/child_process.js:211:5)
15 verbose pkgid myApp@0.0.1
16 verbose cwd C:\Users\Stefan Popov\Documents\CSE4351\behbes\webApp\public\myApp
17 error Windows_NT 10.0.14393
18 error argv "C:\\Program Files\\nodejs\\node.exe" "C:\\Users\\Stefan Popov\\AppData\\Roaming\\npm\\node_modules\\npm\\bin\\npm-cli.js" "run" "ionic:serve" "--" "--v2" "undefined" "--address" "0.0.0.0" "--port" "8100" "--livereload-port" "35729"
19 error node v4.6.0
20 error npm  v4.0.5
21 error code ELIFECYCLE
22 error myApp@0.0.1 ionic:serve: `ionic-app-scripts serve "--v2" "undefined" "--address" "0.0.0.0" "--port" "8100" "--livereload-port" "35729"`
22 error Exit status 1
23 error Failed at the myApp@0.0.1 ionic:serve script 'ionic-app-scripts serve "--v2" "undefined" "--address" "0.0.0.0" "--port" "8100" "--livereload-port" "35729"'.
23 error Make sure you have the latest version of node.js and npm installed.
23 error If you do, this is most likely a problem with the myApp package,
23 error not with npm itself.
23 error Tell the author that this fails on your system:
23 error     ionic-app-scripts serve "--v2" "undefined" "--address" "0.0.0.0" "--port" "8100" "--livereload-port" "35729"
23 error You can get information on how to open an issue for this project with:
23 error     npm bugs myApp
23 error Or if that isn't available, you can get their info via:
23 error     npm owner ls myApp
23 error There is likely additional logging output above.
24 verbose exit [ 1, true ]
